Compiling C:\Users\gabog\OneDrive\Documentos\GitHub\Probador_Componentes_Electronicos\Probador18f2520 on 17-may.-25 at 02:46
>>> Warning 203 "C:\Users\gabog\OneDrive\Documentos\GitHub\Probador_Componentes_Electronicos\Probador18f2520.c" Line 343(1,1): Condition always TRUE
>>> Warning 203 "C:\Users\gabog\OneDrive\Documentos\GitHub\Probador_Componentes_Electronicos\Probador18f2520.c" Line 354(1,1): Condition always TRUE
>>> Warning 203 "C:\Users\gabog\OneDrive\Documentos\GitHub\Probador_Componentes_Electronicos\Probador18f2520.c" Line 356(1,1): Condition always TRUE
>>> Warning 203 "C:\Users\gabog\OneDrive\Documentos\GitHub\Probador_Componentes_Electronicos\Probador18f2520.c" Line 440(1,1): Condition always TRUE
>>> Warning 203 "C:\Users\gabog\OneDrive\Documentos\GitHub\Probador_Componentes_Electronicos\Probador18f2520.c" Line 449(1,1): Condition always TRUE
>>> Warning 203 "C:\Users\gabog\OneDrive\Documentos\GitHub\Probador_Componentes_Electronicos\Probador18f2520.c" Line 518(1,1): Condition always TRUE
>>> Warning 203 "C:\Users\gabog\OneDrive\Documentos\GitHub\Probador_Componentes_Electronicos\Probador18f2520.c" Line 585(1,1): Condition always TRUE
>>> Warning 203 "C:\Users\gabog\OneDrive\Documentos\GitHub\Probador_Componentes_Electronicos\Probador18f2520.c" Line 648(1,1): Condition always TRUE
>>> Warning 203 "C:\Users\gabog\OneDrive\Documentos\GitHub\Probador_Componentes_Electronicos\Probador18f2520.c" Line 657(1,1): Condition always TRUE
>>> Warning 203 "C:\Users\gabog\OneDrive\Documentos\GitHub\Probador_Componentes_Electronicos\Probador18f2520.c" Line 725(1,1): Condition always TRUE
>>> Warning 203 "C:\Users\gabog\OneDrive\Documentos\GitHub\Probador_Componentes_Electronicos\Probador18f2520.c" Line 793(1,1): Condition always TRUE
>>> Warning 203 "C:\Users\gabog\OneDrive\Documentos\GitHub\Probador_Componentes_Electronicos\Probador18f2520.c" Line 878(1,1): Condition always TRUE
>>> Warning 203 "C:\Users\gabog\OneDrive\Documentos\GitHub\Probador_Componentes_Electronicos\Probador18f2520.c" Line 887(1,1): Condition always TRUE
>>> Warning 203 "C:\Users\gabog\OneDrive\Documentos\GitHub\Probador_Componentes_Electronicos\Probador18f2520.c" Line 969(1,1): Condition always TRUE
>>> Warning 203 "C:\Users\gabog\OneDrive\Documentos\GitHub\Probador_Componentes_Electronicos\Probador18f2520.c" Line 1029(1,1): Condition always TRUE
>>> Warning 203 "C:\Users\gabog\OneDrive\Documentos\GitHub\Probador_Componentes_Electronicos\Probador18f2520.c" Line 1058(1,1): Condition always TRUE
>>> Warning 203 "C:\Users\gabog\OneDrive\Documentos\GitHub\Probador_Componentes_Electronicos\Probador18f2520.c" Line 1067(1,1): Condition always TRUE
>>> Warning 203 "C:\Users\gabog\OneDrive\Documentos\GitHub\Probador_Componentes_Electronicos\Probador18f2520.c" Line 1123(1,1): Condition always TRUE
>>> Warning 203 "C:\Users\gabog\OneDrive\Documentos\GitHub\Probador_Componentes_Electronicos\Probador18f2520.c" Line 1170(1,1): Condition always TRUE
>>> Warning 203 "C:\Users\gabog\OneDrive\Documentos\GitHub\Probador_Componentes_Electronicos\Probador18f2520.c" Line 1229(1,1): Condition always TRUE
>>> Warning 203 "C:\Users\gabog\OneDrive\Documentos\GitHub\Probador_Componentes_Electronicos\Probador18f2520.c" Line 1257(1,1): Condition always TRUE
>>> Warning 203 "C:\Users\gabog\OneDrive\Documentos\GitHub\Probador_Componentes_Electronicos\Probador18f2520.c" Line 1297(1,1): Condition always TRUE
>>> Warning 207 "C:\Users\gabog\OneDrive\Documentos\GitHub\Probador_Componentes_Electronicos\Probador18f2520.c" Line 1299(1,1): Code has no effect
>>> Warning 203 "C:\Users\gabog\OneDrive\Documentos\GitHub\Probador_Componentes_Electronicos\Probador18f2520.c" Line 1319(1,1): Condition always TRUE
>>> Warning 207 "C:\Users\gabog\OneDrive\Documentos\GitHub\Probador_Componentes_Electronicos\Probador18f2520.c" Line 1322(1,1): Code has no effect
>>> Warning 203 "C:\Users\gabog\OneDrive\Documentos\GitHub\Probador_Componentes_Electronicos\Probador18f2520.c" Line 1344(1,1): Condition always TRUE
>>> Warning 203 "C:\Users\gabog\OneDrive\Documentos\GitHub\Probador_Componentes_Electronicos\Probador18f2520.c" Line 1413(1,1): Condition always TRUE
>>> Warning 203 "C:\Users\gabog\OneDrive\Documentos\GitHub\Probador_Componentes_Electronicos\Probador18f2520.c" Line 1442(1,1): Condition always TRUE
>>> Warning 203 "C:\Users\gabog\OneDrive\Documentos\GitHub\Probador_Componentes_Electronicos\Probador18f2520.c" Line 1451(1,1): Condition always TRUE
>>> Warning 203 "C:\Users\gabog\OneDrive\Documentos\GitHub\Probador_Componentes_Electronicos\Probador18f2520.c" Line 1501(1,1): Condition always TRUE
>>> Warning 203 "C:\Users\gabog\OneDrive\Documentos\GitHub\Probador_Componentes_Electronicos\Probador18f2520.c" Line 1568(1,1): Condition always TRUE
>>> Warning 203 "C:\Users\gabog\OneDrive\Documentos\GitHub\Probador_Componentes_Electronicos\Probador18f2520.c" Line 1636(1,1): Condition always TRUE
>>> Warning 203 "C:\Users\gabog\OneDrive\Documentos\GitHub\Probador_Componentes_Electronicos\Probador18f2520.c" Line 1637(1,1): Condition always TRUE
>>> Warning 203 "C:\Users\gabog\OneDrive\Documentos\GitHub\Probador_Componentes_Electronicos\Probador18f2520.c" Line 1646(1,1): Condition always TRUE
>>> Warning 203 "C:\Users\gabog\OneDrive\Documentos\GitHub\Probador_Componentes_Electronicos\Probador18f2520.c" Line 1676(1,1): Condition always TRUE
>>> Warning 203 "C:\Users\gabog\OneDrive\Documentos\GitHub\Probador_Componentes_Electronicos\Probador18f2520.c" Line 1705(1,1): Condition always TRUE
>>> Warning 203 "C:\Users\gabog\OneDrive\Documentos\GitHub\Probador_Componentes_Electronicos\Probador18f2520.c" Line 1715(1,1): Condition always TRUE
>>> Warning 203 "C:\Users\gabog\OneDrive\Documentos\GitHub\Probador_Componentes_Electronicos\Probador18f2520.c" Line 1744(1,1): Condition always TRUE
>>> Warning 203 "C:\Users\gabog\OneDrive\Documentos\GitHub\Probador_Componentes_Electronicos\Probador18f2520.c" Line 1774(1,1): Condition always TRUE
>>> Warning 203 "C:\Users\gabog\OneDrive\Documentos\GitHub\Probador_Componentes_Electronicos\Probador18f2520.c" Line 1783(1,1): Condition always TRUE
>>> Warning 202 "C:\Users\gabog\OneDrive\Documentos\GitHub\Probador_Componentes_Electronicos\i2c_Flex_LCD.c" Line 176(13,17): Variable never used:   data
>>> Warning 202 "C:\Users\gabog\OneDrive\Documentos\GitHub\Probador_Componentes_Electronicos\Probador18f2520.c" Line 21(6,16): Variable never used:   NPN_estado
>>> Warning 202 "C:\Users\gabog\OneDrive\Documentos\GitHub\Probador_Componentes_Electronicos\Probador18f2520.c" Line 22(6,16): Variable never used:   PNP_estado
      Memory usage:   ROM=57%      RAM=4% - 6%
      0 Errors,  43 Warnings.
Build Successful.
